<?xml version="1.0" encoding="UTF-8"?>
<testsuite xmlns:xsi="http://www.w3.org/2001/XMLSchema-instance" xsi:noNamespaceSchemaLocation="https://maven.apache.org/surefire/maven-surefire-plugin/xsd/surefire-test-report.xsd" name="edu.jnu.service.SepdpProofServiceTest" time="0.059" tests="4" errors="0" skipped="0" failures="0">
  <properties>
[...]
</properties>
  <testcase name="getAlpha" classname="edu.jnu.service.SepdpProofServiceTest" time="0.013"/>
  <testcase name="getGamma" classname="edu.jnu.service.SepdpProofServiceTest" time="0.039"/>
  <testcase name="getMList" classname="edu.jnu.service.SepdpProofServiceTest" time="0"/>
  <testcase name="getSList" classname="edu.jnu.service.SepdpProofServiceTest" time="0"/>
</testsuite>